countries.sql:
-- Table des pays
CREATE TABLE IF NOT EXISTS Countries (
    country_id INTEGER PRIMARY KEY AUTOINCREMENT,   -- Identifiant unique du pays
    role_id    TEXT NOT NULL,                       -- ID du rôle Discord associé
    name TEXT NOT NULL,                             -- Nom du pays
    public_channel_id TEXT NOT NULL,                -- ID du salon public (NON NULLABLE)
    secret_channel_id TEXT,                         -- ID du salon secret (NULLABLE)
    last_bilan TEXT DEFAULT NULL                    -- Dernier bilan du pays (NULLABLE)
);
-- Table des gouvernements
CREATE TABLE IF NOT EXISTS Governments (
    country_id TEXT NOT NULL,
    slot INTEGER NOT NULL CHECK (slot BETWEEN 1 AND 5),
    player_id TEXT NOT NULL,  -- ID du joueur occupant ce poste
    can_spend_money BOOLEAN DEFAULT FALSE,
    can_spend_points BOOLEAN DEFAULT FALSE,
    can_sign_treaties BOOLEAN DEFAULT FALSE,
    can_build BOOLEAN DEFAULT FALSE,
    can_recruit BOOLEAN DEFAULT FALSE,
    can_produce BOOLEAN DEFAULT FALSE,
    can_declare_war BOOLEAN DEFAULT FALSE,
    PRIMARY KEY (country_id, slot),
    FOREIGN KEY (country_id) REFERENCES Countries(country_id)
        ON DELETE CASCADE
);
CREATE TABLE IF NOT EXISTS Doctrines (
    doctrine_id TEXT PRIMARY KEY,
    name TEXT NOT NULL,
    category TEXT CHECK (category IN ('Régime', 'Idéologie', 'Économie', 'Religieux')),
    description TEXT,
    discord_role_id TEXT,
    bonus_json JSONB  -- exemple : { "production_bonus": 0.1, "culture_penalty": -0.05 }
);
CREATE TABLE IF NOT EXISTS CountryDoctrines (
    country_id TEXT NOT NULL,
    doctrine_id TEXT NOT NULL,
    PRIMARY KEY (country_id, doctrine_id),
    FOREIGN KEY (country_id) REFERENCES Countries(country_id) ON DELETE CASCADE,
    FOREIGN KEY (doctrine_id) REFERENCES Doctrines(doctrine_id)
);
inventory.sql:
-- Table de l’inventaire
CREATE TABLE IF NOT EXISTS Inventory (
    country_id TEXT PRIMARY KEY,
    balance INTEGER DEFAULT 0 NOT NULL,
    pol_points INTEGER DEFAULT 0 NOT NULL,
    diplo_points INTEGER DEFAULT 0 NOT NULL,
    soldiers INTEGER DEFAULT 0 NOT NULL,
    reserves INTEGER DEFAULT 0 NOT NULL,
    FOREIGN KEY (country_id) REFERENCES Countries(country_id)
        ON DELETE CASCADE
);
regions.sql:
-- Table des régions
CREATE TABLE IF NOT EXISTS Regions (
    region_id INTEGER PRIMARY KEY AUTOINCREMENT, -- Identifiant unique de la région
    country_id TEXT NULL,                        -- Pour rattacher la région à un pays
    name TEXT NOT NULL,                          -- Nom de la région
    mapchart_name TEXT NOT NULL,                 -- Nom associé à MapChart
    population INTEGER DEFAULT 0 NOT NULL,       -- Population de la région
    FOREIGN KEY (country_id) REFERENCES Countries(country_id)
        ON DELETE CASCADE
);
stats.sql:
-- Table des stats fixes
CREATE TABLE IF NOT EXISTS Stats (
    country_id TEXT PRIMARY KEY,
    tech_level INTEGER DEFAULT 1 NOT NULL,
    gdp INTEGER DEFAULT 0 NOT NULL,
    FOREIGN KEY (country_id) REFERENCES Countries(country_id)
        ON DELETE CASCADE
);
structures.sql:
-- Table des structures
CREATE TABLE IF NOT EXISTS Structures (
    id INTEGER PRIMARY KEY AUTOINCREMENT,
    region_id TEXT NOT NULL,
    type TEXT NOT NULL CHECK (type IN ('Usine', 'Base', 'Ecole', 'Logement', 'Centrale')),
    specialization TEXT NOT NULL CHECK (specialization IN ('Terrestre', 'Aerienne', 'Navale', 'NA')),
    level INTEGER NOT NULL DEFAULT 1,
    capacity INTEGER DEFAULT 0 NOT NULL,  -- Capacité utile pour les logements/ecoles/bases
    population INTEGER DEFAULT 0 NOT NULL,  -- nb personnes affectées pour logements, bases, écoles, usines
    FOREIGN KEY (region_id) REFERENCES Regions(region_id)
        ON DELETE CASCADE
);
technologies.sql:
CREATE TABLE IF NOT EXISTS CountryTechnologies (
    country_id TEXT NOT NULL,
    tech_field TEXT NOT NULL CHECK (
        tech_field IN (
            'Armement',
            'Mécanique Terrestre',
            'Aéronaval',
            'Industrie & Ingénierie',
            'Culture & Connaissance',
            'Santé & Sciences',
            'Survie & Agronomie',
            'TIC & Sciences'
        )
    ),
    level INTEGER NOT NULL DEFAULT 1,
    PRIMARY KEY (country_id, tech_field),
    FOREIGN KEY (country_id) REFERENCES Countries(country_id)
        ON DELETE CASCADE
);
CREATE TABLE IF NOT EXISTS Technologies (
    tech_id INTEGER PRIMARY KEY AUTOINCREMENT,
    name TEXT NOT NULL,
    image_url TEXT,
    developed_by INTEGER,
    exported BOOLEAN DEFAULT FALSE,
    type TEXT NOT NULL, -- 'rifle', 'ship', 'engine', etc.
    description TEXT,
    created_at TIMESTAMP DEFAULT CURRENT_TIMESTAMP,
    FOREIGN KEY (developed_by) REFERENCES Countries(country_id)
        ON DELETE SET NULL
);
CREATE TABLE IF NOT EXISTS TechnologyAttributes (
    tech_id INTEGER NOT NULL,
    attribute_name TEXT NOT NULL,
    attribute_value TEXT NOT NULL,
    FOREIGN KEY (tech_id) REFERENCES Technologies(tech_id)
        ON DELETE CASCADE
);
CREATE TABLE IF NOT EXISTS TechnologyLicenses (
    license_id INTEGER PRIMARY KEY AUTOINCREMENT,
    tech_id INTEGER NOT NULL,
    country_id INTEGER NOT NULL, -- Pays qui détient la licence
    license_type TEXT NOT NULL CHECK(license_type IN ('commercial', 'personal')),
    granted_by INTEGER, -- Pays ayant accordé la licence
    granted_at TIMESTAMP DEFAULT CURRENT_TIMESTAMP,
    FOREIGN KEY (tech_id) REFERENCES Technologies(tech_id) ON DELETE CASCADE,
    FOREIGN KEY (country_id) REFERENCES Countries(country_id) ON DELETE CASCADE,
    FOREIGN KEY (granted_by) REFERENCES Countries(country_id) ON DELETE SET NULL
);
CREATE TABLE IF NOT EXISTS CountryTechnologyInventory (
    country_id INTEGER NOT NULL,
    tech_id INTEGER NOT NULL,
    quantity INTEGER DEFAULT 0 NOT NULL,
    PRIMARY KEY (country_id, tech_id),
    FOREIGN KEY (country_id) REFERENCES Countries(country_id) ON DELETE CASCADE,
    FOREIGN KEY (tech_id) REFERENCES Technologies(tech_id) ON DELETE CASCADE
);
CREATE TABLE IF NOT EXISTS CountryTechnologyProduction (
    production_id INTEGER PRIMARY KEY AUTOINCREMENT,
    country_id INTEGER NOT NULL,
    tech_id INTEGER NOT NULL,
    quantity INTEGER NOT NULL,
    days_remaining INTEGER NOT NULL,
    started_at TIMESTAMP DEFAULT CURRENT_TIMESTAMP,
    FOREIGN KEY (country_id) REFERENCES Countries(country_id) ON DELETE CASCADE,
    FOREIGN KEY (tech_id) REFERENCES Technologies(tech_id) ON DELETE CASCADE
);
